2018-03-14 16:04:41,746 INFO  [TestNG] (Log.java:38) [Log] **************************************************************************************** 
2018-03-14 16:04:41,746 INFO  [TestNG] (Log.java:38) [Log] **************************************************************************************** 
2018-03-14 16:04:41,746 INFO  [TestNG] (Log.java:38) [Log] $$$$$$$$$$$$$$$$$$$$$      Test Case: Angular Regression suite mom_tc_2        $$$$$$$$$$$$$$$$$$$$$$$$$ 
2018-03-14 16:04:41,746 INFO  [TestNG] (Log.java:38) [Log] **************************************************************************************** 
2018-03-14 16:04:41,746 INFO  [TestNG] (Log.java:38) [Log] **************************************************************************************** 
2018-03-14 16:04:41,762 INFO  [TestNG] (Log.java:38) [Log] **************************************************************************************** 
2018-03-14 16:04:41,777 INFO  [TestNG] (Log.java:38) [Log] **************************************************************************************** 
2018-03-14 16:04:41,777 INFO  [TestNG] (Log.java:38) [Log] $$$$$$$$$$$$$$$$$$$$$      Test Case: Angular Regression suite        $$$$$$$$$$$$$$$$$$$$$$$$$ 
2018-03-14 16:04:41,777 INFO  [TestNG] (Log.java:38) [Log] **************************************************************************************** 
2018-03-14 16:04:41,777 INFO  [TestNG] (Log.java:38) [Log] **************************************************************************************** 
2018-03-14 16:04:53,206 INFO  [TestNG] (Log.java:38) [Log] Logged in successfully 
2018-03-14 16:04:53,446 INFO  [TestNG] (Log.java:38) [Log] Logged in successfully 
2018-03-14 16:05:08,079 INFO  [TestNG] (Log.java:38) [Log] Clicked on NM Project 
2018-03-14 16:05:08,164 INFO  [TestNG] (Log.java:38) [Log] Logged in project NISSAN GTR  
2018-03-14 16:05:30,646 INFO  [TestNG] (Log.java:38) [Log] Inside Mom Tab 
2018-03-14 16:06:03,294 INFO  [TestNG] (Log.java:38) [Log] XXXXXXXXXXXXXXXXXXXXXXX             -E---N---D-             XXXXXXXXXXXXXXXXXXXXXX 
2018-03-14 16:06:03,309 INFO  [TestNG] (Log.java:38) [Log] X 
2018-03-14 16:06:03,312 INFO  [TestNG] (Log.java:38) [Log] X 
2018-03-14 16:06:03,313 INFO  [TestNG] (Log.java:38) [Log] X 
2018-03-14 16:06:03,313 INFO  [TestNG] (Log.java:38) [Log] X 
